admin
wp-login.php
admin.php
admin.html
admin.php
admin.xhtml
admin/
wp-admin/
admin/account.php
admin/account.php
admin/account.html
admin/account.php
admin/admin.php
admin/admin.php
admin/admin.html
admin/admin.php
admin/admin_login.php
admin/admin_login.php
admin/admin_login.html
admin/admin_login.php
admin/admin-login.php
admin/adminLogin.php
admin/admin-login.php
admin/adminLogin.php
admin/admin-login.html
admin/adminLogin.html
admin/admin-login.php
admin/adminLogin.php
admin/controlpanel.php
admin/controlpanel.php
admin/controlpanel.html
admin/controlpanel.php
admin/cp.php
admin/cp.php
admin/cp.html
admin/cp.php
admin/home.php
admin/home.php
admin/home.html
admin/home.php
admin/index.php
admin/index.php
admin/index.html
admin/index.php
admin/login.php
admin/login.php
admin/login.html
admin/login.php
account.php
account.php
account.html
account.php
acct_login/
adm
adm.php
adm.php
adm.html
adm.php
adm/
adm/admloginuser.php
adm/admloginuser.php
adm/admloginuser.php
adm/index.php
adm/index.php
adm/index.html
adm/index.php
adm_auth.php
adm_auth.php
adm_auth.php
admin_area
admin_area/
admin_area/admin.php
admin_area/admin.php
admin_area/admin.html
admin_area/admin.php
admin_area/index.php
admin_area/index.php
admin_area/index.html
admin_area/index.php
admin_area/login.php
admin_area/login.php
admin_area/login.html
admin_area/login.php
admin_login.php
admin_login.php
admin_login.html
admin_login.php
admin1.php
admin1.html
admin1.php
admin1/
admin2.php
admin2.php
admin2.html
admin2.php
admin2/index.php
admin2/index.php
admin2/index.php
admin2/login.php
admin2/login.php
admin2/login.php
admin4_account/
admin4_colon/
adminarea
adminarea/admin.php
adminarea/admin.php
adminarea/admin.html
adminarea/admin.php
adminarea/index.php
adminarea/index.php
adminarea/index.html
adminarea/index.php
adminarea/login.php
adminarea/login.php
adminarea/login.html
adminarea/login.php
admincontrol.php
admincontrol.php
admincontrol.html
admincontrol.php
admincontrol/login.php
admincontrol/login.php
admincontrol/login.html
admincontrol/login.php
admincp/index.php
admincp/index.php
admincp/index.html
admincp/login.php
admincp/login.php
administer/
administr8.php
administr8.html
administr8.php
administr8/
administratie/
administration.html
administration.php
administration/
administrator
administrator.php
administrator.php
administrator.html
administrator.php
administrator/
administrator/account.php
administrator/account.php
administrator/account.html
administrator/account.php
administrator/index.php
administrator/index.php
administrator/index.html
administrator/index.php
administrator/login.php
administrator/login.php
administrator/login.html
administrator/login.php
administratoraccounts/
administratorlogin
administratorlogin.php
administratorlogin.php
administratorlogin.php
administrators/
administrivia/
adminLogin
admin-login.php
adminLogin.php
admin-login.php
adminLogin.php
admin-login.html
adminLogin.html
admin-login.php
adminLogin.php
adminpanel.php
adminpanel.php
adminpanel.html
adminpanel.php
adminpro/
admins.php
admins.html
admins.php
admins/
AdminTools/
admloginuser.php
admloginuser.php
admloginuser.php
affiliate.php
affiliate.php
affiliate.php
autologin/
banneradmin/
bb-admin
bbadmin/
bb-admin/admin.php
bb-admin/admin.php
bb-admin/admin.html
bb-admin/admin.php
bb-admin/index.php
bb-admin/index.php
bb-admin/index.html
bb-admin/index.php
bb-admin/login.php
bb-admin/login.php
bb-admin/login.html
bb-admin/login.php
bigadmin/
blogindex/
cadmins/
ccp14admin/
Clave/
cmsadmin/
controlpanel.php
controlpanel.php
controlpanel.html
controlpanel.php
controlpanel/
cp.php
cp.php
cp.html
cp.php
cpanel/
cPanel/
cpanel_file/
customer_login/
database_administration/
Database_Administration/
directadmin/
dir-login/
ezsqliteadmin/
fileadmin.php
fileadmin.html
fileadmin.php
fileadmin/
formslogin/
globes_admin/
home.php
home.php
home.html
home.php
hpwebjetadmin/
Indy_admin/
instadmin
irc-macadmin/
LiveUser_Admin/
login.php
login.php
login.html
login.php
login_db/
login1/
loginflat/
login-redirect/
login-us/
logo_sysadmin/
Lotus_Domino_Admin/
macadmin/
manage
manuallogin/
memberadmin
memberadmin.php
memberadmin.php
memberadmin.php
members/
memlogin/
meta_login/
modelsearch/admin.php
modelsearch/admin.php
modelsearch/admin.html
modelsearch/admin.php
modelsearch/index.php
modelsearch/index.php
modelsearch/index.html
modelsearch/index.php
modelsearch/login.php
modelsearch/login.php
modelsearch/login.html
modelsearch/login.php
moderator
moderator.php
moderator.php
moderator.html
moderator.php
moderator/
moderator/admin.php
moderator/admin.php
moderator/admin.html
moderator/admin.php
moderator/login.php
moderator/login.php
moderator/login.html
moderator/login.php
myadmin/
navSiteAdmin/
newsadmin/
nsw/admin/login.php
openvpnadmin/
P\/W/
pages/admin/admin-login.php
pages/admin/admin-login.php
pages/admin/admin-login.html
pages/admin/admin-login.php
panel/
panel-administracion
panel-administracion/admin.php
panel-administracion/admin.php
panel-administracion/admin.html
panel-administracion/admin.php
panel-administracion/index.php
panel-administracion/index.php
panel-administracion/index.html
panel-administracion/index.php
panel-administracion/login.php
panel-administracion/login.php
panel-administracion/login.html
panel-administracion/login.php
passe/
password/
Password/
PASSWORD/
Personal/
pgadmin/
phpldapadmin/
phpmyadmin/
phppgadmin/
phpSQLiteAdmin/
platz_login/
power_user/
project-admins/
pureadmin/
radmind/
radmind-1/
rcjakar/admin/login.php
rcLogin/
senha/
Senha/
Server.php
Server.html
Server.php
server/
Server/
server_admin_small/
ServerAdministrator/
showlogin/
simpleLogin/
Sing/
siteadmin/index.php
siteadmin/index.php
siteadmin/index.php
siteadmin/login.php
siteadmin/login.php
siteadmin/login.html
siteadmin/login.php
smblogin/
sql-admin/
ss_vms_admin_sm/
sshadmin/
staradmin/
sub-login/
Super-Admin/
support_login/
sysadmin.php
sysadmin.html
sysadmin.php
sysadmin/
sys-admin/
SysAdmin/
SysAdmin2/
sysadmins/
system_administration/
system-administration/
typo3/
ur-admin.php
ur-admin.html
ur-admin.php
ur-admin/
usager/
Usager/
user.php
user.php
user.html
user.php
useradmin/
UserLogin/
username/
Username/
USERNAME/
Usuario/
utility_login/
vadmind/
vmailadmin/
webadmin
webadmin.php
webadmin.php
webadmin.html
webadmin.php
webadmin/
WebAdmin/
webadmin/admin.php
webadmin/admin.php
webadmin/admin.html
webadmin/admin.php
webadmin/index.php
webadmin/index.php
webadmin/index.html
webadmin/index.php
webadmin/login.php
webadmin/login.php
webadmin/login.html
webadmin/login.php
wizmysqladmin/
wp-admin
wp-admin/
wp-login.php
wp-login/
xlogin/
yonetici.php
yonetici.html
yonetici.php
yonetim.php
yonetim.html
yonetim.php
